torch.Size([150, 12, 35]) torch.Size([150, 12, 3, 256, 256, 4])	not changed /work/tc064/tc064/s2567498/data-w-camera/b91c4f43-2c08-495b-b1f6-1a28d53f2709.pt
torch.Size([150, 12, 35]) torch.Size([150, 12, 3, 256, 256, 4])	not changed /work/tc064/tc064/s2567498/data-w-camera/1040825c-341e-4f11-977a-85e6bc2757a1.pt
torch.Size([150, 12, 35]) torch.Size([150, 12, 3, 256, 256, 4])	not changed /work/tc064/tc064/s2567498/data-w-camera/55e740a8-a013-41a0-aeff-4f3f89647b84.pt
torch.Size([150, 12, 35]) torch.Size([150, 12, 3, 256, 256, 4])	not changed /work/tc064/tc064/s2567498/data-w-camera/bf03da55-2bc1-4969-a231-38392636152c.pt
torch.Size([150, 12, 35]) torch.Size([150, 12, 3, 256, 256, 4])	not changed /work/tc064/tc064/s2567498/data-w-camera/2cce01e4-8850-41cd-ae3c-35d953083146.pt
torch.Size([150, 12, 35]) torch.Size([150, 12, 3, 256, 256, 4])	not changed /work/tc064/tc064/s2567498/data-w-camera/dc46759c-2510-428c-b12f-ba547d5df486.pt
torch.Size([150, 12, 35]) torch.Size([150, 12, 3, 256, 256, 4])	not changed /work/tc064/tc064/s2567498/data-w-camera/7c49c8e7-1380-453c-8e28-7584019c5d80.pt
torch.Size([150, 12, 35]) torch.Size([150, 12, 3, 256, 256, 4])	not changed /work/tc064/tc064/s2567498/data-w-camera/3e184004-f245-458c-a2d5-dcfc47c89377.pt
torch.Size([150, 12, 35]) torch.Size([150, 12, 3, 256, 256, 4])	not changed /work/tc064/tc064/s2567498/data-w-camera/bd8a5924-40a1-4e0c-a80f-8b65559feb37.pt
torch.Size([150, 12, 35]) torch.Size([150, 12, 3, 256, 256, 4])	not changed /work/tc064/tc064/s2567498/data-w-camera/a2604cfd-f2e1-49d4-85ca-40e8bb5ac5ab.pt
torch.Size([150, 12, 35]) torch.Size([150, 12, 3, 256, 256, 4])	not changed /work/tc064/tc064/s2567498/data-w-camera/e44b3b8b-b6bc-4940-99fa-22cd3fe5c630.pt
torch.Size([150, 12, 35]) torch.Size([150, 12, 3, 256, 256, 4])	not changed /work/tc064/tc064/s2567498/data-w-camera/bbc60abf-907a-46ce-8c17-c8f339fcf983.pt
torch.Size([150, 12, 35]) torch.Size([150, 12, 3, 256, 256, 4])	not changed /work/tc064/tc064/s2567498/data-w-camera/e3adc74b-ae61-4707-9ea9-c99f13cfd56c.pt
torch.Size([150, 12, 35]) torch.Size([150, 12, 3, 256, 256, 4])	not changed /work/tc064/tc064/s2567498/data-w-camera/b501c374-94f6-49c1-a37e-927d2df1e476.pt
torch.Size([150, 12, 35]) torch.Size([150, 12, 3, 256, 256, 4])	not changed /work/tc064/tc064/s2567498/data-w-camera/cfa4b89c-94fb-490e-9054-793da4ddb23f.pt
Error on /work/tc064/tc064/s2567498/data-w-camera/1cdde7bd-da13-4043-96db-b5684de15794.pt. PytorchStreamReader failed reading zip archive: failed finding central directory
torch.Size([300, 12, 35]) torch.Size([300, 12, 3, 256, 256, 4])	 changed /work/tc064/tc064/s2567498/data-w-camera/c5a9b81e-d2eb-4170-8217-d6437d0519a3.pt
torch.Size([300, 12, 35]) torch.Size([300, 12, 3, 256, 256, 4])	 changed /work/tc064/tc064/s2567498/data-w-camera/9d3f50b6-14a0-43fe-a206-c7ac51e53399.pt
torch.Size([300, 12, 35]) torch.Size([300, 12, 3, 256, 256, 4])	 changed /work/tc064/tc064/s2567498/data-w-camera/f1cfc887-e473-461f-bb38-d31ac28016a7.pt
torch.Size([300, 12, 35]) torch.Size([300, 12, 3, 256, 256, 4])	 changed /work/tc064/tc064/s2567498/data-w-camera/6e8604cb-a62d-4372-82e8-1cd77d380f8f.pt
torch.Size([300, 12, 35]) torch.Size([300, 12, 3, 256, 256, 4])	 changed /work/tc064/tc064/s2567498/data-w-camera/eeca272d-dd17-47d6-b088-7162f3c5e7d6.pt
torch.Size([300, 12, 35]) torch.Size([300, 12, 3, 256, 256, 4])	 changed /work/tc064/tc064/s2567498/data-w-camera/eb09e919-9be4-4eae-b663-5884f1d6beaa.pt
torch.Size([300, 12, 35]) torch.Size([300, 12, 3, 256, 256, 4])	 changed /work/tc064/tc064/s2567498/data-w-camera/30e1c927-34f1-4a87-8d22-757c63be6fe6.pt
torch.Size([300, 12, 35]) torch.Size([300, 12, 3, 256, 256, 4])	 changed /work/tc064/tc064/s2567498/data-w-camera/52193740-0386-47cf-8421-62339b3ecf6e.pt
torch.Size([300, 12, 35]) torch.Size([300, 12, 3, 256, 256, 4])	 changed /work/tc064/tc064/s2567498/data-w-camera/17485c32-79d9-4e87-ac33-010717331133.pt
torch.Size([300, 12, 35]) torch.Size([300, 12, 3, 256, 256, 4])	 changed /work/tc064/tc064/s2567498/data-w-camera/a8f517ed-c62f-4bf1-b33e-188ccb72c82b.pt
torch.Size([300, 12, 35]) torch.Size([300, 12, 3, 256, 256, 4])	 changed /work/tc064/tc064/s2567498/data-w-camera/70dcf8d2-90b5-46be-aec5-77a14c7b23fa.pt
torch.Size([300, 12, 35]) torch.Size([300, 12, 3, 256, 256, 4])	 changed /work/tc064/tc064/s2567498/data-w-camera/65108964-3dee-4759-97da-4bb84e3e61ff.pt
torch.Size([300, 12, 35]) torch.Size([300, 12, 3, 256, 256, 4])	 changed /work/tc064/tc064/s2567498/data-w-camera/b2cccb3d-945d-4499-9c25-3d3ac6283109.pt
torch.Size([300, 12, 35]) torch.Size([300, 12, 3, 256, 256, 4])	 changed /work/tc064/tc064/s2567498/data-w-camera/a9b5ea39-a295-489d-b297-a2a311f5863a.pt
torch.Size([300, 12, 35]) torch.Size([300, 12, 3, 256, 256, 4])	 changed /work/tc064/tc064/s2567498/data-w-camera/ffb54ccb-8eae-48b5-904d-eec8fc27d4a9.pt
torch.Size([300, 12, 35]) torch.Size([300, 12, 3, 256, 256, 4])	 changed /work/tc064/tc064/s2567498/data-w-camera/80674c0b-2837-4d24-bce8-ca3a40703e95.pt
torch.Size([300, 12, 35]) torch.Size([300, 12, 3, 256, 256, 4])	 changed /work/tc064/tc064/s2567498/data-w-camera/5976e58d-03bf-4881-8b00-2ab8a3923f63.pt
torch.Size([300, 12, 35]) torch.Size([300, 12, 3, 256, 256, 4])	 changed /work/tc064/tc064/s2567498/data-w-camera/564328c7-bc8f-466d-8696-db9091340fcb.pt
torch.Size([300, 12, 35]) torch.Size([300, 12, 3, 256, 256, 4])	 changed /work/tc064/tc064/s2567498/data-w-camera/7f2d2605-bb27-4aa8-888a-e5653655ec19.pt
torch.Size([300, 12, 35]) torch.Size([300, 12, 3, 256, 256, 4])	 changed /work/tc064/tc064/s2567498/data-w-camera/7bbfb737-7fa4-447b-83a8-71b5b8e9104a.pt
torch.Size([300, 12, 35]) torch.Size([300, 12, 3, 256, 256, 4])	 changed /work/tc064/tc064/s2567498/data-w-camera/079985f6-b7ac-46e7-9686-8bfbbc4a13bd.pt
torch.Size([300, 12, 35]) torch.Size([300, 12, 3, 256, 256, 4])	 changed /work/tc064/tc064/s2567498/data-w-camera/628f188d-2652-4ff3-9cd8-86c124de4f5a.pt
torch.Size([300, 12, 35]) torch.Size([300, 12, 3, 256, 256, 4])	 changed /work/tc064/tc064/s2567498/data-w-camera/51b001d7-b36c-43b2-b3e1-03551e76eb9e.pt
torch.Size([300, 12, 35]) torch.Size([300, 12, 3, 256, 256, 4])	 changed /work/tc064/tc064/s2567498/data-w-camera/db272792-b88d-4415-bcd4-03e6e49d7c64.pt
torch.Size([300, 12, 35]) torch.Size([300, 12, 3, 256, 256, 4])	 changed /work/tc064/tc064/s2567498/data-w-camera/e473028b-7782-4ec5-a439-79d0abfe3616.pt
torch.Size([300, 12, 35]) torch.Size([300, 12, 3, 256, 256, 4])	 changed /work/tc064/tc064/s2567498/data-w-camera/b48a151c-5612-4823-bb56-82e44a742d57.pt
torch.Size([300, 12, 35]) torch.Size([300, 12, 3, 256, 256, 4])	 changed /work/tc064/tc064/s2567498/data-w-camera/a416bcd4-dd70-4f4e-bae2-e075f011eb96.pt
torch.Size([300, 12, 35]) torch.Size([300, 12, 3, 256, 256, 4])	 changed /work/tc064/tc064/s2567498/data-w-camera/1f56b3f3-e443-47b5-b476-628b3be76473.pt
torch.Size([300, 12, 35]) torch.Size([300, 12, 3, 256, 256, 4])	 changed /work/tc064/tc064/s2567498/data-w-camera/78e2d1c4-da08-4d89-b75e-0d3977df95f7.pt
torch.Size([300, 12, 35]) torch.Size([300, 12, 3, 256, 256, 4])	 changed /work/tc064/tc064/s2567498/data-w-camera/94967614-17e2-4790-b4ac-572478eb6c21.pt
torch.Size([300, 12, 35]) torch.Size([300, 12, 3, 256, 256, 4])	 changed /work/tc064/tc064/s2567498/data-w-camera/d5ae4deb-74c0-4a0c-84c9-1011b4b51623.pt
torch.Size([300, 12, 35]) torch.Size([300, 12, 3, 256, 256, 4])	 changed /work/tc064/tc064/s2567498/data-w-camera/adc28074-b617-4e97-a8b3-84cd7a97ed8f.pt
torch.Size([300, 12, 35]) torch.Size([300, 12, 3, 256, 256, 4])	 changed /work/tc064/tc064/s2567498/data-w-camera/e0488df4-23d2-4523-83e2-4eff6885cca2.pt
torch.Size([300, 12, 35]) torch.Size([300, 12, 3, 256, 256, 4])	 changed /work/tc064/tc064/s2567498/data-w-camera/dccd6130-3a50-4c2c-ae10-0d0393002313.pt
torch.Size([300, 12, 35]) torch.Size([300, 12, 3, 256, 256, 4])	 changed /work/tc064/tc064/s2567498/data-w-camera/227d8489-e74e-446c-80be-19dbaa64c1af.pt
torch.Size([300, 12, 35]) torch.Size([300, 12, 3, 256, 256, 4])	 changed /work/tc064/tc064/s2567498/data-w-camera/fb3b4c22-96df-481a-be51-13189a552953.pt
torch.Size([300, 12, 35]) torch.Size([300, 12, 3, 256, 256, 4])	 changed /work/tc064/tc064/s2567498/data-w-camera/45b204f4-ec57-45a2-917a-14010717b00f.pt
torch.Size([300, 12, 35]) torch.Size([300, 12, 3, 256, 256, 4])	 changed /work/tc064/tc064/s2567498/data-w-camera/42942184-b1c0-4760-a77f-ec06c359dd49.pt
torch.Size([300, 12, 35]) torch.Size([300, 12, 3, 256, 256, 4])	 changed /work/tc064/tc064/s2567498/data-w-camera/801d42ed-02b9-45cb-9af9-e2133e485d38.pt
torch.Size([300, 12, 35]) torch.Size([300, 12, 3, 256, 256, 4])	 changed /work/tc064/tc064/s2567498/data-w-camera/1a596549-0ffa-44a7-97f2-158b7d0ad91b.pt
torch.Size([300, 12, 35]) torch.Size([300, 12, 3, 256, 256, 4])	 changed /work/tc064/tc064/s2567498/data-w-camera/f5401cb3-27d0-4658-bc4b-1d5144bec4a0.pt
torch.Size([300, 12, 35]) torch.Size([300, 12, 3, 256, 256, 4])	 changed /work/tc064/tc064/s2567498/data-w-camera/40b06ce2-b4db-4f48-9935-7c2a01db25c1.pt
torch.Size([300, 12, 35]) torch.Size([300, 12, 3, 256, 256, 4])	 changed /work/tc064/tc064/s2567498/data-w-camera/9dc4ceb2-a4d2-4b32-bfa6-83023f535af9.pt
torch.Size([300, 12, 35]) torch.Size([300, 12, 3, 256, 256, 4])	 changed /work/tc064/tc064/s2567498/data-w-camera/78873835-b9e1-41e4-a072-23f1c0dfd21e.pt
torch.Size([300, 12, 35]) torch.Size([300, 12, 3, 256, 256, 4])	 changed /work/tc064/tc064/s2567498/data-w-camera/02571566-8383-44fd-b58f-899bc3a7df58.pt
torch.Size([300, 12, 35]) torch.Size([300, 12, 3, 256, 256, 4])	 changed /work/tc064/tc064/s2567498/data-w-camera/fa376467-4870-4418-a182-474e06a661a1.pt
torch.Size([300, 12, 35]) torch.Size([300, 12, 3, 256, 256, 4])	 changed /work/tc064/tc064/s2567498/data-w-camera/ebc2bc62-0ae7-4543-8e99-5ff5fd6b24d1.pt
torch.Size([300, 12, 35]) torch.Size([300, 12, 3, 256, 256, 4])	 changed /work/tc064/tc064/s2567498/data-w-camera/35b8a3f4-c7fa-48cb-a182-e6af392cd135.pt
torch.Size([300, 12, 35]) torch.Size([300, 12, 3, 256, 256, 4])	 changed /work/tc064/tc064/s2567498/data-w-camera/817368d5-4ce6-4535-806a-dbfb1f6955f4.pt
torch.Size([300, 12, 35]) torch.Size([300, 12, 3, 256, 256, 4])	 changed /work/tc064/tc064/s2567498/data-w-camera/f0b04355-f48c-474b-b3bb-97138e8856cd.pt
torch.Size([300, 12, 35]) torch.Size([300, 12, 3, 256, 256, 4])	 changed /work/tc064/tc064/s2567498/data-w-camera/2d12ca60-103a-4e32-b1f1-b85e530514cc.pt
torch.Size([300, 12, 35]) torch.Size([300, 12, 3, 256, 256, 4])	 changed /work/tc064/tc064/s2567498/data-w-camera/a592711d-224c-4bd3-bb93-66a8ab215b1a.pt
torch.Size([300, 12, 35]) torch.Size([300, 12, 3, 256, 256, 4])	 changed /work/tc064/tc064/s2567498/data-w-camera/b44d0655-6bb6-465b-9321-3e2f0c238012.pt
torch.Size([300, 12, 35]) torch.Size([300, 12, 3, 256, 256, 4])	 changed /work/tc064/tc064/s2567498/data-w-camera/290b85be-ef47-465a-a1fc-39701dab6b22.pt
torch.Size([300, 12, 35]) torch.Size([300, 12, 3, 256, 256, 4])	 changed /work/tc064/tc064/s2567498/data-w-camera/1736c3e2-108a-439c-b3a1-c9a3d8b9f003.pt
torch.Size([300, 12, 35]) torch.Size([300, 12, 3, 256, 256, 4])	 changed /work/tc064/tc064/s2567498/data-w-camera/9fbe1ca9-7675-49c9-9cfc-9135c63e9102.pt
torch.Size([300, 12, 35]) torch.Size([300, 12, 3, 256, 256, 4])	 changed /work/tc064/tc064/s2567498/data-w-camera/b6ecf11a-2a66-49e4-ba55-d8905d846499.pt
torch.Size([300, 12, 35]) torch.Size([300, 12, 3, 256, 256, 4])	 changed /work/tc064/tc064/s2567498/data-w-camera/42204098-ab2c-438f-bfc2-005250adab45.pt
torch.Size([300, 12, 35]) torch.Size([300, 12, 3, 256, 256, 4])	 changed /work/tc064/tc064/s2567498/data-w-camera/65af153c-adfb-4d3f-a68f-c2afc4fc96a7.pt
torch.Size([300, 12, 35]) torch.Size([300, 12, 3, 256, 256, 4])	 changed /work/tc064/tc064/s2567498/data-w-camera/b67e6dc6-6851-4923-9c0f-a9714aaec7a8.pt
torch.Size([300, 12, 35]) torch.Size([300, 12, 3, 256, 256, 4])	 changed /work/tc064/tc064/s2567498/data-w-camera/d8cba6d5-7246-4100-8fbc-55daf601a016.pt
torch.Size([300, 12, 35]) torch.Size([300, 12, 3, 256, 256, 4])	 changed /work/tc064/tc064/s2567498/data-w-camera/ef4d46c8-156d-4140-94c4-5d364507b1de.pt
torch.Size([300, 12, 35]) torch.Size([300, 12, 3, 256, 256, 4])	 changed /work/tc064/tc064/s2567498/data-w-camera/aafe2e27-91de-4e62-abdc-f2a5048fe2d9.pt
torch.Size([300, 12, 35]) torch.Size([300, 12, 3, 256, 256, 4])	 changed /work/tc064/tc064/s2567498/data-w-camera/63bc8f9a-ebc8-4d98-b7db-1ad8a80a4716.pt
torch.Size([300, 12, 35]) torch.Size([300, 12, 3, 256, 256, 4])	 changed /work/tc064/tc064/s2567498/data-w-camera/d77e7a84-431c-45a3-adac-0954fcd9d26a.pt
torch.Size([300, 12, 35]) torch.Size([300, 12, 3, 256, 256, 4])	 changed /work/tc064/tc064/s2567498/data-w-camera/2c9a9dce-88aa-40c3-9320-8165934d7003.pt
torch.Size([300, 12, 35]) torch.Size([300, 12, 3, 256, 256, 4])	 changed /work/tc064/tc064/s2567498/data-w-camera/4cfb2baa-90c8-42d6-8c44-aa4a314a89c8.pt
torch.Size([300, 12, 35]) torch.Size([300, 12, 3, 256, 256, 4])	 changed /work/tc064/tc064/s2567498/data-w-camera/818e7f63-6d3f-4f03-a1c3-ac077434a6f5.pt
torch.Size([300, 12, 35]) torch.Size([300, 12, 3, 256, 256, 4])	 changed /work/tc064/tc064/s2567498/data-w-camera/8660734a-573e-4ad6-8e67-655889e04a7d.pt
torch.Size([300, 12, 35]) torch.Size([300, 12, 3, 256, 256, 4])	 changed /work/tc064/tc064/s2567498/data-w-camera/18e5bbce-f4c5-4f9a-8502-98a150f2b17a.pt
torch.Size([300, 12, 35]) torch.Size([300, 12, 3, 256, 256, 4])	 changed /work/tc064/tc064/s2567498/data-w-camera/8045fec5-8300-4653-84a5-79fe9585477c.pt
torch.Size([300, 12, 35]) torch.Size([300, 12, 3, 256, 256, 4])	 changed /work/tc064/tc064/s2567498/data-w-camera/3dc33a57-2b67-4a09-b743-907d3c32de50.pt
torch.Size([300, 12, 35]) torch.Size([300, 12, 3, 256, 256, 4])	 changed /work/tc064/tc064/s2567498/data-w-camera/9fbb3448-b542-4009-af7d-171192ef45ff.pt
torch.Size([300, 12, 35]) torch.Size([300, 12, 3, 256, 256, 4])	 changed /work/tc064/tc064/s2567498/data-w-camera/28847a88-3845-4729-ab2f-8d870f6fc9b9.pt
torch.Size([300, 12, 35]) torch.Size([300, 12, 3, 256, 256, 4])	 changed /work/tc064/tc064/s2567498/data-w-camera/225ca47e-beb2-417c-9401-582fc5927a66.pt
torch.Size([300, 12, 35]) torch.Size([300, 12, 3, 256, 256, 4])	 changed /work/tc064/tc064/s2567498/data-w-camera/c955d299-cb2f-4c0a-b856-e718de90f443.pt
torch.Size([300, 12, 35]) torch.Size([300, 12, 3, 256, 256, 4])	 changed /work/tc064/tc064/s2567498/data-w-camera/d15df900-7d75-4d3b-a6fa-c80fc84b8397.pt
torch.Size([300, 12, 35]) torch.Size([300, 12, 3, 256, 256, 4])	 changed /work/tc064/tc064/s2567498/data-w-camera/c3164cc0-ecb5-41ab-8efc-823151a10560.pt
torch.Size([300, 12, 35]) torch.Size([300, 12, 3, 256, 256, 4])	 changed /work/tc064/tc064/s2567498/data-w-camera/311640bd-5bbd-4340-956b-55bf0ae09274.pt
torch.Size([300, 12, 35]) torch.Size([300, 12, 3, 256, 256, 4])	 changed /work/tc064/tc064/s2567498/data-w-camera/bff4ecbf-18f2-4722-932a-df462e426ca0.pt
torch.Size([300, 12, 35]) torch.Size([300, 12, 3, 256, 256, 4])	 changed /work/tc064/tc064/s2567498/data-w-camera/1579a742-6656-4905-9d95-1562f1d3a289.pt
torch.Size([300, 12, 35]) torch.Size([300, 12, 3, 256, 256, 4])	 changed /work/tc064/tc064/s2567498/data-w-camera/33ec4e9f-034d-40c5-9710-9cc4d497ea2a.pt
torch.Size([300, 12, 35]) torch.Size([300, 12, 3, 256, 256, 4])	 changed /work/tc064/tc064/s2567498/data-w-camera/50140d5a-eb0c-4a99-8245-0713b4c4840e.pt
torch.Size([300, 12, 35]) torch.Size([300, 12, 3, 256, 256, 4])	 changed /work/tc064/tc064/s2567498/data-w-camera/fb599726-9e74-4481-abfa-d226e590e1fc.pt
torch.Size([300, 12, 35]) torch.Size([300, 12, 3, 256, 256, 4])	 changed /work/tc064/tc064/s2567498/data-w-camera/ab2544f8-ecb9-4910-bb72-ffda378db722.pt
torch.Size([300, 12, 35]) torch.Size([300, 12, 3, 256, 256, 4])	 changed /work/tc064/tc064/s2567498/data-w-camera/ced89479-d19e-4d3e-9c08-23dd0d9cbec8.pt
torch.Size([300, 12, 35]) torch.Size([300, 12, 3, 256, 256, 4])	 changed /work/tc064/tc064/s2567498/data-w-camera/f1f07f24-fb31-47ff-8689-0283dc24e87d.pt
torch.Size([300, 12, 35]) torch.Size([300, 12, 3, 256, 256, 4])	 changed /work/tc064/tc064/s2567498/data-w-camera/38371983-d8ae-41c9-baf1-f7709142e703.pt
torch.Size([300, 12, 35]) torch.Size([300, 12, 3, 256, 256, 4])	 changed /work/tc064/tc064/s2567498/data-w-camera/02e786bb-b5a6-4060-8f17-79288adb0769.pt
torch.Size([300, 12, 35]) torch.Size([300, 12, 3, 256, 256, 4])	 changed /work/tc064/tc064/s2567498/data-w-camera/89b762aa-1e01-45de-807c-17143995b941.pt
torch.Size([300, 12, 35]) torch.Size([300, 12, 3, 256, 256, 4])	 changed /work/tc064/tc064/s2567498/data-w-camera/44197bde-ceb5-40bd-a8c1-d37e6b8e68fb.pt
torch.Size([300, 12, 35]) torch.Size([300, 12, 3, 256, 256, 4])	 changed /work/tc064/tc064/s2567498/data-w-camera/7539c56a-3a86-478a-93c9-ef25505eb9b0.pt
torch.Size([300, 12, 35]) torch.Size([300, 12, 3, 256, 256, 4])	 changed /work/tc064/tc064/s2567498/data-w-camera/d3eb62c4-2e1b-404d-b807-fc2e6a7b7e76.pt
torch.Size([300, 12, 35]) torch.Size([300, 12, 3, 256, 256, 4])	 changed /work/tc064/tc064/s2567498/data-w-camera/1e8b3711-6318-406a-852b-d1054f531eff.pt
torch.Size([300, 12, 35]) torch.Size([300, 12, 3, 256, 256, 4])	 changed /work/tc064/tc064/s2567498/data-w-camera/8dc67115-9628-4a42-bb8d-f1fda81cf7d9.pt
torch.Size([300, 12, 35]) torch.Size([300, 12, 3, 256, 256, 4])	 changed /work/tc064/tc064/s2567498/data-w-camera/2ddd81a1-f044-4f15-a44a-488a3817913b.pt
torch.Size([300, 12, 35]) torch.Size([300, 12, 3, 256, 256, 4])	 changed /work/tc064/tc064/s2567498/data-w-camera/1e25583f-79ae-4246-8f7a-9046c2cb322c.pt
torch.Size([300, 12, 35]) torch.Size([300, 12, 3, 256, 256, 4])	 changed /work/tc064/tc064/s2567498/data-w-camera/ded1f7a3-93d1-4d82-a8b9-bf6fbd509e6d.pt
torch.Size([300, 12, 35]) torch.Size([300, 12, 3, 256, 256, 4])	 changed /work/tc064/tc064/s2567498/data-w-camera/de78a3ca-41ab-45fb-83c8-ec0e4ca8ea74.pt
torch.Size([300, 12, 35]) torch.Size([300, 12, 3, 256, 256, 4])	 changed /work/tc064/tc064/s2567498/data-w-camera/1b2d3b9a-e8a3-469a-9d87-655b245eed17.pt
torch.Size([300, 12, 35]) torch.Size([300, 12, 3, 256, 256, 4])	 changed /work/tc064/tc064/s2567498/data-w-camera/ee2966ac-e678-4c01-8dfe-e641f8bb77d3.pt
torch.Size([300, 12, 35]) torch.Size([300, 12, 3, 256, 256, 4])	 changed /work/tc064/tc064/s2567498/data-w-camera/1ca38118-f284-4fb0-8a27-6a7d7eb3f491.pt
torch.Size([300, 12, 35]) torch.Size([300, 12, 3, 256, 256, 4])	 changed /work/tc064/tc064/s2567498/data-w-camera/1d2b1d2c-4e30-4b35-80aa-439d3701a7a5.pt
torch.Size([300, 12, 35]) torch.Size([300, 12, 3, 256, 256, 4])	 changed /work/tc064/tc064/s2567498/data-w-camera/83b3765c-470f-4a76-a9cc-68c83f87cd05.pt
torch.Size([300, 12, 35]) torch.Size([300, 12, 3, 256, 256, 4])	 changed /work/tc064/tc064/s2567498/data-w-camera/86162915-86cb-4607-938f-a0e3fb69e2a1.pt
torch.Size([300, 12, 35]) torch.Size([300, 12, 3, 256, 256, 4])	 changed /work/tc064/tc064/s2567498/data-w-camera/490023e8-dc63-4ffd-8f88-6c1de2647a41.pt
torch.Size([300, 12, 35]) torch.Size([300, 12, 3, 256, 256, 4])	 changed /work/tc064/tc064/s2567498/data-w-camera/66dfa134-caf8-4093-99f8-21d110512b87.pt
torch.Size([300, 12, 35]) torch.Size([300, 12, 3, 256, 256, 4])	 changed /work/tc064/tc064/s2567498/data-w-camera/c8417888-5e6d-49e4-af4a-6407fe8e16d0.pt
torch.Size([300, 12, 35]) torch.Size([300, 12, 3, 256, 256, 4])	 changed /work/tc064/tc064/s2567498/data-w-camera/b6f48c96-2705-4a53-9ddf-0e339a9d3cdc.pt
torch.Size([300, 12, 35]) torch.Size([300, 12, 3, 256, 256, 4])	 changed /work/tc064/tc064/s2567498/data-w-camera/5171c23c-55f8-4176-b993-7320a8854521.pt
torch.Size([300, 12, 35]) torch.Size([300, 12, 3, 256, 256, 4])	 changed /work/tc064/tc064/s2567498/data-w-camera/2886de59-eba2-4f81-9c71-66a9b40767ed.pt
torch.Size([300, 12, 35]) torch.Size([300, 12, 3, 256, 256, 4])	 changed /work/tc064/tc064/s2567498/data-w-camera/f8a2b2bf-d995-40bf-ab28-df7c984d3531.pt
torch.Size([300, 12, 35]) torch.Size([300, 12, 3, 256, 256, 4])	 changed /work/tc064/tc064/s2567498/data-w-camera/433ebe0d-7195-47e9-a71b-60a4c69bb598.pt
torch.Size([300, 12, 35]) torch.Size([300, 12, 3, 256, 256, 4])	 changed /work/tc064/tc064/s2567498/data-w-camera/41f24b6a-3854-4cf4-b663-a58dadca78ec.pt
torch.Size([300, 12, 35]) torch.Size([300, 12, 3, 256, 256, 4])	 changed /work/tc064/tc064/s2567498/data-w-camera/17d39af7-852b-47c0-8760-f1e59200d237.pt
torch.Size([300, 12, 35]) torch.Size([300, 12, 3, 256, 256, 4])	 changed /work/tc064/tc064/s2567498/data-w-camera/24c9d252-674b-4ebe-ade7-e1d1d684a15c.pt
torch.Size([300, 12, 35]) torch.Size([300, 12, 3, 256, 256, 4])	 changed /work/tc064/tc064/s2567498/data-w-camera/1556b0c1-c053-4e39-a9c7-512bd2ee188c.pt
torch.Size([300, 12, 35]) torch.Size([300, 12, 3, 256, 256, 4])	 changed /work/tc064/tc064/s2567498/data-w-camera/c3eeb7e2-5d89-42ee-9d8c-25833f3322bf.pt
torch.Size([300, 12, 35]) torch.Size([300, 12, 3, 256, 256, 4])	 changed /work/tc064/tc064/s2567498/data-w-camera/be12d9d0-4fb9-44aa-b463-d8f07baa4963.pt
torch.Size([300, 12, 35]) torch.Size([300, 12, 3, 256, 256, 4])	 changed /work/tc064/tc064/s2567498/data-w-camera/b711ed94-ac5c-4d3c-baff-0b085f320f4a.pt
torch.Size([300, 12, 35]) torch.Size([300, 12, 3, 256, 256, 4])	 changed /work/tc064/tc064/s2567498/data-w-camera/424e23b8-b041-452b-a9bd-19d6c09195e5.pt
torch.Size([300, 12, 35]) torch.Size([300, 12, 3, 256, 256, 4])	 changed /work/tc064/tc064/s2567498/data-w-camera/f8771635-2a38-4b92-8a92-357de4019a4c.pt
torch.Size([300, 12, 35]) torch.Size([300, 12, 3, 256, 256, 4])	 changed /work/tc064/tc064/s2567498/data-w-camera/cda0a253-21f9-4955-bda0-f9522f602113.pt
torch.Size([300, 12, 35]) torch.Size([300, 12, 3, 256, 256, 4])	 changed /work/tc064/tc064/s2567498/data-w-camera/559ac07b-2719-40ba-94ab-a3fad92b6ab3.pt
torch.Size([300, 12, 35]) torch.Size([300, 12, 3, 256, 256, 4])	 changed /work/tc064/tc064/s2567498/data-w-camera/9a066b57-b6d8-427d-b481-84aa67cf88da.pt
torch.Size([300, 12, 35]) torch.Size([300, 12, 3, 256, 256, 4])	 changed /work/tc064/tc064/s2567498/data-w-camera/ea8d416e-dafb-43f8-a370-dfa081f1eda0.pt
torch.Size([300, 12, 35]) torch.Size([300, 12, 3, 256, 256, 4])	 changed /work/tc064/tc064/s2567498/data-w-camera/7962bffd-2ab9-476b-966c-f114cfac0710.pt
torch.Size([300, 12, 35]) torch.Size([300, 12, 3, 256, 256, 4])	 changed /work/tc064/tc064/s2567498/data-w-camera/f37ccbb1-043d-43a2-93e7-13d9bd076296.pt
torch.Size([300, 12, 35]) torch.Size([300, 12, 3, 256, 256, 4])	 changed /work/tc064/tc064/s2567498/data-w-camera/a28c347a-4480-4cf0-b57b-b3617933a486.pt
torch.Size([300, 12, 35]) torch.Size([300, 12, 3, 256, 256, 4])	 changed /work/tc064/tc064/s2567498/data-w-camera/8813badc-04f8-4dfb-9b3c-0f0bf359d11d.pt
torch.Size([300, 12, 35]) torch.Size([300, 12, 3, 256, 256, 4])	 changed /work/tc064/tc064/s2567498/data-w-camera/424bdba9-be40-4528-bc4a-44ca62d5c0d4.pt
torch.Size([300, 12, 35]) torch.Size([300, 12, 3, 256, 256, 4])	 changed /work/tc064/tc064/s2567498/data-w-camera/5c6d3814-438a-492f-a492-76ea647adead.pt
torch.Size([300, 12, 35]) torch.Size([300, 12, 3, 256, 256, 4])	 changed /work/tc064/tc064/s2567498/data-w-camera/6bbc5593-9ad4-4e9b-9a93-d211f17355d5.pt
torch.Size([300, 12, 35]) torch.Size([300, 12, 3, 256, 256, 4])	 changed /work/tc064/tc064/s2567498/data-w-camera/af72a90c-0374-4105-a90e-03251e57373d.pt
torch.Size([300, 12, 35]) torch.Size([300, 12, 3, 256, 256, 4])	 changed /work/tc064/tc064/s2567498/data-w-camera/4deaa8a6-3a2b-4df8-9e6f-cc0f0f74c673.pt
torch.Size([300, 12, 35]) torch.Size([300, 12, 3, 256, 256, 4])	 changed /work/tc064/tc064/s2567498/data-w-camera/14f58da1-e6ca-468b-a4d1-de0a0cb7a2be.pt
torch.Size([300, 12, 35]) torch.Size([300, 12, 3, 256, 256, 4])	 changed /work/tc064/tc064/s2567498/data-w-camera/d171455e-6a79-440a-95dd-0ea7d13bee30.pt
torch.Size([300, 12, 35]) torch.Size([300, 12, 3, 256, 256, 4])	 changed /work/tc064/tc064/s2567498/data-w-camera/4ad4e6af-f3fe-4c73-b177-5fdd02ffd2ff.pt
torch.Size([300, 12, 35]) torch.Size([300, 12, 3, 256, 256, 4])	 changed /work/tc064/tc064/s2567498/data-w-camera/6f1095cb-119c-4765-8548-9bf91308030a.pt
torch.Size([300, 12, 35]) torch.Size([300, 12, 3, 256, 256, 4])	 changed /work/tc064/tc064/s2567498/data-w-camera/4d2ca5fb-0253-4a7b-9a57-675a5f30472c.pt
torch.Size([300, 12, 35]) torch.Size([300, 12, 3, 256, 256, 4])	 changed /work/tc064/tc064/s2567498/data-w-camera/39942feb-f8f2-4705-8499-352427f8de5f.pt
torch.Size([300, 12, 35]) torch.Size([300, 12, 3, 256, 256, 4])	 changed /work/tc064/tc064/s2567498/data-w-camera/26386511-3aaa-47af-bd44-56cf5c87d8c1.pt
torch.Size([300, 12, 35]) torch.Size([300, 12, 3, 256, 256, 4])	 changed /work/tc064/tc064/s2567498/data-w-camera/5d5aae8e-4702-4207-baac-5d7ac80fd999.pt
torch.Size([300, 12, 35]) torch.Size([300, 12, 3, 256, 256, 4])	 changed /work/tc064/tc064/s2567498/data-w-camera/9e77a83f-e834-475f-91b9-f1b3a7288a4e.pt
torch.Size([300, 12, 35]) torch.Size([300, 12, 3, 256, 256, 4])	 changed /work/tc064/tc064/s2567498/data-w-camera/c1289058-2b94-49c2-b4d0-b6968b368d16.pt
torch.Size([300, 12, 35]) torch.Size([300, 12, 3, 256, 256, 4])	 changed /work/tc064/tc064/s2567498/data-w-camera/8ff7b52f-d46f-4694-8642-299c10ca258d.pt
torch.Size([300, 12, 35]) torch.Size([300, 12, 3, 256, 256, 4])	 changed /work/tc064/tc064/s2567498/data-w-camera/0b375ebf-c2a2-4fcd-9cd2-53008b95cf55.pt
torch.Size([300, 12, 35]) torch.Size([300, 12, 3, 256, 256, 4])	 changed /work/tc064/tc064/s2567498/data-w-camera/175a7a03-e571-4d79-9fa4-98105ea39237.pt
torch.Size([300, 12, 35]) torch.Size([300, 12, 3, 256, 256, 4])	 changed /work/tc064/tc064/s2567498/data-w-camera/082f89d9-0ed3-4235-a90a-ec0e4b779531.pt
torch.Size([300, 12, 35]) torch.Size([300, 12, 3, 256, 256, 4])	 changed /work/tc064/tc064/s2567498/data-w-camera/bc5cab91-a98d-421f-a70d-b45291b436d9.pt
torch.Size([300, 12, 35]) torch.Size([300, 12, 3, 256, 256, 4])	 changed /work/tc064/tc064/s2567498/data-w-camera/5fe026dc-eb07-4081-a834-7d202fe87e71.pt
torch.Size([300, 12, 35]) torch.Size([300, 12, 3, 256, 256, 4])	 changed /work/tc064/tc064/s2567498/data-w-camera/fe17325c-5a68-4dfa-b971-fbdcd135f70e.pt
torch.Size([300, 12, 35]) torch.Size([300, 12, 3, 256, 256, 4])	 changed /work/tc064/tc064/s2567498/data-w-camera/b9a42e76-c65d-4fa1-b26c-2bcab1a32988.pt
torch.Size([300, 12, 35]) torch.Size([300, 12, 3, 256, 256, 4])	 changed /work/tc064/tc064/s2567498/data-w-camera/b50d6e2f-1f76-4b15-954b-19d88206efbb.pt
torch.Size([300, 12, 35]) torch.Size([300, 12, 3, 256, 256, 4])	 changed /work/tc064/tc064/s2567498/data-w-camera/0efe72c9-0fb2-42f4-a3b2-ce33b424ec48.pt
torch.Size([300, 12, 35]) torch.Size([300, 12, 3, 256, 256, 4])	 changed /work/tc064/tc064/s2567498/data-w-camera/49fbba14-f597-4196-a1d5-5ab2559bd809.pt
torch.Size([300, 12, 35]) torch.Size([300, 12, 3, 256, 256, 4])	 changed /work/tc064/tc064/s2567498/data-w-camera/f93c9268-6f3c-4bac-a059-25dc7371d82a.pt
torch.Size([300, 12, 35]) torch.Size([300, 12, 3, 256, 256, 4])	 changed /work/tc064/tc064/s2567498/data-w-camera/84c5a7f4-e2dd-4bbd-81ca-75740d4324e3.pt
torch.Size([300, 12, 35]) torch.Size([300, 12, 3, 256, 256, 4])	 changed /work/tc064/tc064/s2567498/data-w-camera/5e4e0b3d-300b-4f97-a842-db59cf3f6733.pt
torch.Size([300, 12, 35]) torch.Size([300, 12, 3, 256, 256, 4])	 changed /work/tc064/tc064/s2567498/data-w-camera/45f602f3-7036-40fe-b43b-ea508c52934c.pt
torch.Size([300, 12, 35]) torch.Size([300, 12, 3, 256, 256, 4])	 changed /work/tc064/tc064/s2567498/data-w-camera/28a5fe96-104f-4fdc-b25a-0824930fa50f.pt
torch.Size([300, 12, 35]) torch.Size([300, 12, 3, 256, 256, 4])	 changed /work/tc064/tc064/s2567498/data-w-camera/b24450bd-6378-4d2d-a5fe-db6a7a073df8.pt
torch.Size([300, 12, 35]) torch.Size([300, 12, 3, 256, 256, 4])	 changed /work/tc064/tc064/s2567498/data-w-camera/9d54d184-1d25-4c0c-85e8-6acecbdef7c7.pt
torch.Size([300, 12, 35]) torch.Size([300, 12, 3, 256, 256, 4])	 changed /work/tc064/tc064/s2567498/data-w-camera/07448872-8fa5-4826-9dd0-f6b706bef529.pt
torch.Size([300, 12, 35]) torch.Size([300, 12, 3, 256, 256, 4])	 changed /work/tc064/tc064/s2567498/data-w-camera/7461cc55-d4ed-4746-8ec0-8dcf729b60fd.pt
torch.Size([300, 12, 35]) torch.Size([300, 12, 3, 256, 256, 4])	 changed /work/tc064/tc064/s2567498/data-w-camera/9df3abd9-2f52-4ffc-b942-798ac4eb18c2.pt
torch.Size([300, 12, 35]) torch.Size([300, 12, 3, 256, 256, 4])	 changed /work/tc064/tc064/s2567498/data-w-camera/a2f0f2e8-6129-48c3-a5c1-2674beee3a82.pt
torch.Size([300, 12, 35]) torch.Size([300, 12, 3, 256, 256, 4])	 changed /work/tc064/tc064/s2567498/data-w-camera/44288216-c341-446d-98c4-2640187a45ac.pt
torch.Size([300, 12, 35]) torch.Size([300, 12, 3, 256, 256, 4])	 changed /work/tc064/tc064/s2567498/data-w-camera/4f518909-d387-4d8b-92cd-b75eb9b28ad1.pt
torch.Size([300, 12, 35]) torch.Size([300, 12, 3, 256, 256, 4])	 changed /work/tc064/tc064/s2567498/data-w-camera/32a68688-2af4-48c2-8ea8-a338405df449.pt
torch.Size([300, 12, 35]) torch.Size([300, 12, 3, 256, 256, 4])	 changed /work/tc064/tc064/s2567498/data-w-camera/a8d9d33f-f818-44bd-999e-1a44422e6e36.pt
torch.Size([300, 12, 35]) torch.Size([300, 12, 3, 256, 256, 4])	 changed /work/tc064/tc064/s2567498/data-w-camera/39817c11-1738-4e91-9896-a28ba26fcdbc.pt
torch.Size([300, 12, 35]) torch.Size([300, 12, 3, 256, 256, 4])	 changed /work/tc064/tc064/s2567498/data-w-camera/a491122a-960c-46bc-80cc-bc29df254cf4.pt
torch.Size([300, 12, 35]) torch.Size([300, 12, 3, 256, 256, 4])	 changed /work/tc064/tc064/s2567498/data-w-camera/06ab2b02-06ae-4f90-a316-0e0c59e87aef.pt
torch.Size([300, 12, 35]) torch.Size([300, 12, 3, 256, 256, 4])	 changed /work/tc064/tc064/s2567498/data-w-camera/1667eaa8-0d49-47ac-bbf3-29496ad9a205.pt
torch.Size([300, 12, 35]) torch.Size([300, 12, 3, 256, 256, 4])	 changed /work/tc064/tc064/s2567498/data-w-camera/dd3856e8-14eb-40e3-b7cd-6ec24c45ea60.pt
torch.Size([300, 12, 35]) torch.Size([300, 12, 3, 256, 256, 4])	 changed /work/tc064/tc064/s2567498/data-w-camera/1fca95ea-a7cd-41b8-b3aa-d6dbf5f6021f.pt
torch.Size([300, 12, 35]) torch.Size([300, 12, 3, 256, 256, 4])	 changed /work/tc064/tc064/s2567498/data-w-camera/96ffe149-f906-4901-a523-1d473e1f6c10.pt
torch.Size([300, 12, 35]) torch.Size([300, 12, 3, 256, 256, 4])	 changed /work/tc064/tc064/s2567498/data-w-camera/8ea2d385-06c4-46b4-a1bd-8d30d49c9bba.pt
torch.Size([300, 12, 35]) torch.Size([300, 12, 3, 256, 256, 4])	 changed /work/tc064/tc064/s2567498/data-w-camera/c6df58a9-a910-453d-8687-a8e06d3f05f3.pt
torch.Size([300, 12, 35]) torch.Size([300, 12, 3, 256, 256, 4])	 changed /work/tc064/tc064/s2567498/data-w-camera/d6ad283d-c0b9-4602-b93b-8dde39d5af29.pt
torch.Size([300, 12, 35]) torch.Size([300, 12, 3, 256, 256, 4])	 changed /work/tc064/tc064/s2567498/data-w-camera/dede3426-9538-4e11-acfc-394af0365d4c.pt
torch.Size([300, 12, 35]) torch.Size([300, 12, 3, 256, 256, 4])	 changed /work/tc064/tc064/s2567498/data-w-camera/dfbc981d-e1e3-45db-8a66-d239917eb3c5.pt
torch.Size([300, 12, 35]) torch.Size([300, 12, 3, 256, 256, 4])	 changed /work/tc064/tc064/s2567498/data-w-camera/276b8e22-c69c-42db-b78e-c87de3cc727e.pt
torch.Size([300, 12, 35]) torch.Size([300, 12, 3, 256, 256, 4])	 changed /work/tc064/tc064/s2567498/data-w-camera/cc8d4637-050a-45a5-a8d0-528a75fc2324.pt
torch.Size([300, 12, 35]) torch.Size([300, 12, 3, 256, 256, 4])	 changed /work/tc064/tc064/s2567498/data-w-camera/986935bf-a75b-43dd-9e47-4a1d98f8d079.pt
torch.Size([300, 12, 35]) torch.Size([300, 12, 3, 256, 256, 4])	 changed /work/tc064/tc064/s2567498/data-w-camera/8f3cd99e-5a06-4b46-bd3a-ae49a01b94fc.pt
torch.Size([300, 12, 35]) torch.Size([300, 12, 3, 256, 256, 4])	 changed /work/tc064/tc064/s2567498/data-w-camera/85f2785a-62c5-4916-a1dc-d344045e438f.pt
torch.Size([300, 12, 35]) torch.Size([300, 12, 3, 256, 256, 4])	 changed /work/tc064/tc064/s2567498/data-w-camera/5b1686cf-341f-4fd3-bb31-6f3195b10a47.pt
torch.Size([300, 12, 35]) torch.Size([300, 12, 3, 256, 256, 4])	 changed /work/tc064/tc064/s2567498/data-w-camera/3e1f18a9-aac7-4533-8f57-b40497003e68.pt
torch.Size([300, 12, 35]) torch.Size([300, 12, 3, 256, 256, 4])	 changed /work/tc064/tc064/s2567498/data-w-camera/e43a8d34-6c56-4ea1-bb2f-9a02a1db0c26.pt
torch.Size([300, 12, 35]) torch.Size([300, 12, 3, 256, 256, 4])	 changed /work/tc064/tc064/s2567498/data-w-camera/4386fe36-cfe6-4801-8b95-b101c4d7984b.pt
torch.Size([300, 12, 35]) torch.Size([300, 12, 3, 256, 256, 4])	 changed /work/tc064/tc064/s2567498/data-w-camera/7d7d36c0-3989-4385-9dd8-8256fd74cf00.pt
torch.Size([300, 12, 35]) torch.Size([300, 12, 3, 256, 256, 4])	 changed /work/tc064/tc064/s2567498/data-w-camera/f3a6c449-eb21-4066-80de-54b531487a98.pt
torch.Size([300, 12, 35]) torch.Size([300, 12, 3, 256, 256, 4])	 changed /work/tc064/tc064/s2567498/data-w-camera/9264d5fa-6fa3-425a-b642-a87346e826cf.pt
torch.Size([300, 12, 35]) torch.Size([300, 12, 3, 256, 256, 4])	 changed /work/tc064/tc064/s2567498/data-w-camera/241ba770-ccb8-4833-9211-d52d07748a0f.pt
torch.Size([300, 12, 35]) torch.Size([300, 12, 3, 256, 256, 4])	 changed /work/tc064/tc064/s2567498/data-w-camera/799ce31a-c7cb-48c8-aa70-bb763e913d39.pt
torch.Size([300, 12, 35]) torch.Size([300, 12, 3, 256, 256, 4])	 changed /work/tc064/tc064/s2567498/data-w-camera/ec2f4383-41e8-43f3-9126-9a9dbe5eff01.pt
torch.Size([300, 12, 35]) torch.Size([300, 12, 3, 256, 256, 4])	 changed /work/tc064/tc064/s2567498/data-w-camera/681c4e88-1bbd-4ce9-8c10-d770a15984c6.pt
torch.Size([300, 12, 35]) torch.Size([300, 12, 3, 256, 256, 4])	 changed /work/tc064/tc064/s2567498/data-w-camera/d12aad6b-d15b-4414-86e7-a0ca4804160d.pt
torch.Size([300, 12, 35]) torch.Size([300, 12, 3, 256, 256, 4])	 changed /work/tc064/tc064/s2567498/data-w-camera/26543ae7-583e-4bf9-80a4-bf2d38b84878.pt
torch.Size([300, 12, 35]) torch.Size([300, 12, 3, 256, 256, 4])	 changed /work/tc064/tc064/s2567498/data-w-camera/5ae9526d-2ed5-4623-9918-7362cfd7c16b.pt
torch.Size([300, 12, 35]) torch.Size([300, 12, 3, 256, 256, 4])	 changed /work/tc064/tc064/s2567498/data-w-camera/f7696429-12a9-41b4-8530-c516442ce961.pt
torch.Size([300, 12, 35]) torch.Size([300, 12, 3, 256, 256, 4])	 changed /work/tc064/tc064/s2567498/data-w-camera/f7a5fc52-fb53-49b4-85f8-6ffccab6a301.pt
torch.Size([300, 12, 35]) torch.Size([300, 12, 3, 256, 256, 4])	 changed /work/tc064/tc064/s2567498/data-w-camera/e89d7759-b040-4247-8131-cb7d97f13c8c.pt
torch.Size([300, 12, 35]) torch.Size([300, 12, 3, 256, 256, 4])	 changed /work/tc064/tc064/s2567498/data-w-camera/3a0d5ebd-4d41-48fd-9d27-b08a894f87fc.pt
torch.Size([300, 12, 35]) torch.Size([300, 12, 3, 256, 256, 4])	 changed /work/tc064/tc064/s2567498/data-w-camera/bbf852a9-8bf9-4b0c-8c8c-7241778be839.pt
torch.Size([300, 12, 35]) torch.Size([300, 12, 3, 256, 256, 4])	 changed /work/tc064/tc064/s2567498/data-w-camera/19104da6-6abc-477a-9587-a27038a7b81b.pt
torch.Size([300, 12, 35]) torch.Size([300, 12, 3, 256, 256, 4])	 changed /work/tc064/tc064/s2567498/data-w-camera/03e860a8-2c5d-4324-b62d-da0d69a62fce.pt
torch.Size([300, 12, 35]) torch.Size([300, 12, 3, 256, 256, 4])	 changed /work/tc064/tc064/s2567498/data-w-camera/59b21dcb-1f9f-4f8f-a14d-a1f0641a9ca2.pt
torch.Size([300, 12, 35]) torch.Size([300, 12, 3, 256, 256, 4])	 changed /work/tc064/tc064/s2567498/data-w-camera/3b55a4ce-0c85-4ed1-80ce-d478d602bb4d.pt
torch.Size([300, 12, 35]) torch.Size([300, 12, 3, 256, 256, 4])	 changed /work/tc064/tc064/s2567498/data-w-camera/26814dc5-8e79-4ae5-997f-70d186fbe379.pt
torch.Size([300, 12, 35]) torch.Size([300, 12, 3, 256, 256, 4])	 changed /work/tc064/tc064/s2567498/data-w-camera/a98643ea-a875-413f-b37f-e7ca38733c46.pt
torch.Size([300, 12, 35]) torch.Size([300, 12, 3, 256, 256, 4])	 changed /work/tc064/tc064/s2567498/data-w-camera/8b6cc337-61f5-488f-828a-3eede1ff695d.pt
torch.Size([300, 12, 35]) torch.Size([300, 12, 3, 256, 256, 4])	 changed /work/tc064/tc064/s2567498/data-w-camera/0f702665-557e-4bfc-8e90-e5846bb958f6.pt
torch.Size([300, 12, 35]) torch.Size([300, 12, 3, 256, 256, 4])	 changed /work/tc064/tc064/s2567498/data-w-camera/a4fb83d6-39dc-4db7-bb6e-9c47fe4068fb.pt
torch.Size([300, 12, 35]) torch.Size([300, 12, 3, 256, 256, 4])	 changed /work/tc064/tc064/s2567498/data-w-camera/ce23b711-f410-44f3-abcf-a4f8bbb361e4.pt
torch.Size([300, 12, 35]) torch.Size([300, 12, 3, 256, 256, 4])	 changed /work/tc064/tc064/s2567498/data-w-camera/f327c4c1-47a4-4814-8eaf-b4d337952dc9.pt
torch.Size([300, 12, 35]) torch.Size([300, 12, 3, 256, 256, 4])	 changed /work/tc064/tc064/s2567498/data-w-camera/963f6f37-a22f-4d86-b2f7-25e17ee44e33.pt
torch.Size([300, 12, 35]) torch.Size([300, 12, 3, 256, 256, 4])	 changed /work/tc064/tc064/s2567498/data-w-camera/fe147a1d-6860-408d-a053-25bce3387e75.pt
torch.Size([300, 12, 35]) torch.Size([300, 12, 3, 256, 256, 4])	 changed /work/tc064/tc064/s2567498/data-w-camera/8d08bad5-53d8-4ea0-8faa-2f292cc70d9a.pt
torch.Size([300, 12, 35]) torch.Size([300, 12, 3, 256, 256, 4])	 changed /work/tc064/tc064/s2567498/data-w-camera/670ee779-a617-4d25-b735-d15457ceb863.pt
torch.Size([300, 12, 35]) torch.Size([300, 12, 3, 256, 256, 4])	 changed /work/tc064/tc064/s2567498/data-w-camera/d7033883-d729-42eb-9202-49a7319b0cec.pt
torch.Size([300, 12, 35]) torch.Size([300, 12, 3, 256, 256, 4])	 changed /work/tc064/tc064/s2567498/data-w-camera/26b10659-49b4-474f-a0ee-2c59954792a0.pt
torch.Size([300, 12, 35]) torch.Size([300, 12, 3, 256, 256, 4])	 changed /work/tc064/tc064/s2567498/data-w-camera/e7a76e17-e317-4748-ac1a-f6b72f97ff24.pt
torch.Size([300, 12, 35]) torch.Size([300, 12, 3, 256, 256, 4])	 changed /work/tc064/tc064/s2567498/data-w-camera/5a84dd07-0c60-4c91-aa4f-d6303fde8852.pt
torch.Size([300, 12, 35]) torch.Size([300, 12, 3, 256, 256, 4])	 changed /work/tc064/tc064/s2567498/data-w-camera/2d0b2e8a-564c-4acd-8364-d083de36352b.pt
torch.Size([300, 12, 35]) torch.Size([300, 12, 3, 256, 256, 4])	 changed /work/tc064/tc064/s2567498/data-w-camera/cb716a22-b58f-4256-a5af-e988e41ac44a.pt
torch.Size([300, 12, 35]) torch.Size([300, 12, 3, 256, 256, 4])	 changed /work/tc064/tc064/s2567498/data-w-camera/9d689bad-c112-4924-8dfc-5fc135cd8504.pt
torch.Size([300, 12, 35]) torch.Size([300, 12, 3, 256, 256, 4])	 changed /work/tc064/tc064/s2567498/data-w-camera/fc515319-06c7-4735-a654-b3807a701936.pt
torch.Size([300, 12, 35]) torch.Size([300, 12, 3, 256, 256, 4])	 changed /work/tc064/tc064/s2567498/data-w-camera/9e25d7f6-a058-41f5-99b3-1879d7bcb687.pt
torch.Size([300, 12, 35]) torch.Size([300, 12, 3, 256, 256, 4])	 changed /work/tc064/tc064/s2567498/data-w-camera/4264cf9d-e93f-439c-b1d8-61c4b2daabcc.pt
torch.Size([300, 12, 35]) torch.Size([300, 12, 3, 256, 256, 4])	 changed /work/tc064/tc064/s2567498/data-w-camera/0a399c9f-ef28-487e-8b14-4a1831c7febd.pt
torch.Size([300, 12, 35]) torch.Size([300, 12, 3, 256, 256, 4])	 changed /work/tc064/tc064/s2567498/data-w-camera/cb6307b1-0f96-4e20-b2fe-bd0f34f852d4.pt
torch.Size([300, 12, 35]) torch.Size([300, 12, 3, 256, 256, 4])	 changed /work/tc064/tc064/s2567498/data-w-camera/bb7ba049-b8e2-4a7a-ae9a-2c6b258866ed.pt
torch.Size([300, 12, 35]) torch.Size([300, 12, 3, 256, 256, 4])	 changed /work/tc064/tc064/s2567498/data-w-camera/7c4d1631-b313-4278-8d53-7ba9591204bb.pt
torch.Size([300, 12, 35]) torch.Size([300, 12, 3, 256, 256, 4])	 changed /work/tc064/tc064/s2567498/data-w-camera/7d2a6d55-ecb6-40d1-b2cb-f2fe1f469151.pt
torch.Size([300, 12, 35]) torch.Size([300, 12, 3, 256, 256, 4])	 changed /work/tc064/tc064/s2567498/data-w-camera/5aa5233c-9406-4272-8f69-a5f903531f62.pt
torch.Size([300, 12, 35]) torch.Size([300, 12, 3, 256, 256, 4])	 changed /work/tc064/tc064/s2567498/data-w-camera/9e051cc3-2b82-4c83-a877-39017d175c54.pt
torch.Size([300, 12, 35]) torch.Size([300, 12, 3, 256, 256, 4])	 changed /work/tc064/tc064/s2567498/data-w-camera/c4f0aba4-52cc-49ce-a690-f01a6750e702.pt
torch.Size([300, 12, 35]) torch.Size([300, 12, 3, 256, 256, 4])	 changed /work/tc064/tc064/s2567498/data-w-camera/ac9b8151-9647-47ee-b3e0-92d45ff9b1cc.pt
torch.Size([300, 12, 35]) torch.Size([300, 12, 3, 256, 256, 4])	 changed /work/tc064/tc064/s2567498/data-w-camera/2cd70f27-adec-4d1f-ab79-b33bb911c381.pt
torch.Size([300, 12, 35]) torch.Size([300, 12, 3, 256, 256, 4])	 changed /work/tc064/tc064/s2567498/data-w-camera/4e7ea095-48f0-4e03-978d-6a6028a4cf7a.pt
torch.Size([300, 12, 35]) torch.Size([300, 12, 3, 256, 256, 4])	 changed /work/tc064/tc064/s2567498/data-w-camera/81645c4d-3b88-4968-a951-0189777ea8cc.pt
torch.Size([300, 12, 35]) torch.Size([300, 12, 3, 256, 256, 4])	 changed /work/tc064/tc064/s2567498/data-w-camera/8eef962b-e472-432e-98bd-71fbab732f3b.pt
torch.Size([300, 12, 35]) torch.Size([300, 12, 3, 256, 256, 4])	 changed /work/tc064/tc064/s2567498/data-w-camera/24149285-29cc-4f06-a9e1-6c9c48632a31.pt
torch.Size([300, 12, 35]) torch.Size([300, 12, 3, 256, 256, 4])	 changed /work/tc064/tc064/s2567498/data-w-camera/71b1a90c-01b1-4065-8a65-96408842ea80.pt
torch.Size([300, 12, 35]) torch.Size([300, 12, 3, 256, 256, 4])	 changed /work/tc064/tc064/s2567498/data-w-camera/10df0da5-3398-4c93-b179-963f92b1a3c8.pt
torch.Size([300, 12, 35]) torch.Size([300, 12, 3, 256, 256, 4])	 changed /work/tc064/tc064/s2567498/data-w-camera/1f64b789-2d25-4b5b-bd7a-d70c3a463d46.pt
torch.Size([300, 12, 35]) torch.Size([300, 12, 3, 256, 256, 4])	 changed /work/tc064/tc064/s2567498/data-w-camera/162d52e4-a656-49f5-aca3-3914c301cede.pt
torch.Size([300, 12, 35]) torch.Size([300, 12, 3, 256, 256, 4])	 changed /work/tc064/tc064/s2567498/data-w-camera/728caebb-06fd-4dbc-bfa4-fc3b9ed920f1.pt
torch.Size([300, 12, 35]) torch.Size([300, 12, 3, 256, 256, 4])	 changed /work/tc064/tc064/s2567498/data-w-camera/f1b5cf48-de42-45cc-811a-276fad7891b1.pt
torch.Size([300, 12, 35]) torch.Size([300, 12, 3, 256, 256, 4])	 changed /work/tc064/tc064/s2567498/data-w-camera/3c9be5a3-993f-4aaf-9b63-c76df8c67825.pt
torch.Size([300, 12, 35]) torch.Size([300, 12, 3, 256, 256, 4])	 changed /work/tc064/tc064/s2567498/data-w-camera/1423bda7-831f-447b-b515-e1f4db8e5349.pt
torch.Size([300, 12, 35]) torch.Size([300, 12, 3, 256, 256, 4])	 changed /work/tc064/tc064/s2567498/data-w-camera/0834cbb5-748d-4689-81cb-748ad3f1a07b.pt
torch.Size([300, 12, 35]) torch.Size([300, 12, 3, 256, 256, 4])	 changed /work/tc064/tc064/s2567498/data-w-camera/f6118ead-f566-43e4-a31d-3cae66d96149.pt
torch.Size([300, 12, 35]) torch.Size([300, 12, 3, 256, 256, 4])	 changed /work/tc064/tc064/s2567498/data-w-camera/bbc4e059-2772-4797-a318-4d2e1da09ece.pt
torch.Size([300, 12, 35]) torch.Size([300, 12, 3, 256, 256, 4])	 changed /work/tc064/tc064/s2567498/data-w-camera/6bd74ece-bfaa-4087-b2e3-529a01629a96.pt
torch.Size([300, 12, 35]) torch.Size([300, 12, 3, 256, 256, 4])	 changed /work/tc064/tc064/s2567498/data-w-camera/9644722a-3a7d-4d5b-b711-e15889bcc7b9.pt
torch.Size([300, 12, 35]) torch.Size([300, 12, 3, 256, 256, 4])	 changed /work/tc064/tc064/s2567498/data-w-camera/a5ae55a8-60ba-4577-8c8c-032b94100f1c.pt
torch.Size([300, 12, 35]) torch.Size([300, 12, 3, 256, 256, 4])	 changed /work/tc064/tc064/s2567498/data-w-camera/577a6db8-5433-4455-9b4a-8e73d953bec1.pt
torch.Size([300, 12, 35]) torch.Size([300, 12, 3, 256, 256, 4])	 changed /work/tc064/tc064/s2567498/data-w-camera/f48cb08e-9924-422d-a342-4e6edcb2ba34.pt
torch.Size([300, 12, 35]) torch.Size([300, 12, 3, 256, 256, 4])	 changed /work/tc064/tc064/s2567498/data-w-camera/0e1f6e41-7783-4b5c-8927-d7d1a42053be.pt
torch.Size([300, 12, 35]) torch.Size([300, 12, 3, 256, 256, 4])	 changed /work/tc064/tc064/s2567498/data-w-camera/6d939f33-6c1b-463d-9c27-9b69814105ee.pt
torch.Size([300, 12, 35]) torch.Size([300, 12, 3, 256, 256, 4])	 changed /work/tc064/tc064/s2567498/data-w-camera/a1b9d0ff-b4fa-4556-bcd5-22ac820663d3.pt
torch.Size([300, 12, 35]) torch.Size([300, 12, 3, 256, 256, 4])	 changed /work/tc064/tc064/s2567498/data-w-camera/6d8c74b4-53ec-45e1-8378-266d7d90e6d6.pt
torch.Size([300, 12, 35]) torch.Size([300, 12, 3, 256, 256, 4])	 changed /work/tc064/tc064/s2567498/data-w-camera/75fb1af6-06dc-4309-8017-9efd86612c64.pt
torch.Size([300, 12, 35]) torch.Size([300, 12, 3, 256, 256, 4])	 changed /work/tc064/tc064/s2567498/data-w-camera/1cd156db-2af2-4be3-a66e-61230a68c292.pt
torch.Size([300, 12, 35]) torch.Size([300, 12, 3, 256, 256, 4])	 changed /work/tc064/tc064/s2567498/data-w-camera/f2a16c06-1940-48a3-a752-4c2fd41f7fe3.pt
torch.Size([300, 12, 35]) torch.Size([300, 12, 3, 256, 256, 4])	 changed /work/tc064/tc064/s2567498/data-w-camera/c63b5ea3-0382-4ab1-82b2-8e6d58cce86f.pt
torch.Size([300, 12, 35]) torch.Size([300, 12, 3, 256, 256, 4])	 changed /work/tc064/tc064/s2567498/data-w-camera/590de6d7-5a8e-43f1-ba59-f393ec45c859.pt
torch.Size([300, 12, 35]) torch.Size([300, 12, 3, 256, 256, 4])	 changed /work/tc064/tc064/s2567498/data-w-camera/2a48ca3e-08cf-42d3-bb2b-aa578d2aa06c.pt
torch.Size([300, 12, 35]) torch.Size([300, 12, 3, 256, 256, 4])	 changed /work/tc064/tc064/s2567498/data-w-camera/13b42c7f-fc8a-4209-a141-c1daa07e0b5d.pt
torch.Size([300, 12, 35]) torch.Size([300, 12, 3, 256, 256, 4])	 changed /work/tc064/tc064/s2567498/data-w-camera/e5737a8e-7d80-4737-99f6-5421a7898f97.pt
torch.Size([300, 12, 35]) torch.Size([300, 12, 3, 256, 256, 4])	 changed /work/tc064/tc064/s2567498/data-w-camera/e783c424-f512-4d84-ac08-3184d6b9a4e2.pt
torch.Size([300, 12, 35]) torch.Size([300, 12, 3, 256, 256, 4])	 changed /work/tc064/tc064/s2567498/data-w-camera/bcaaf0ca-c233-4734-946d-9ef34be3b61e.pt
torch.Size([300, 12, 35]) torch.Size([300, 12, 3, 256, 256, 4])	 changed /work/tc064/tc064/s2567498/data-w-camera/57118a1a-d86e-41ae-bde4-284b087b5f5b.pt
torch.Size([300, 12, 35]) torch.Size([300, 12, 3, 256, 256, 4])	 changed /work/tc064/tc064/s2567498/data-w-camera/544af39e-1b29-4c79-adf8-e8a757166428.pt
torch.Size([300, 12, 35]) torch.Size([300, 12, 3, 256, 256, 4])	 changed /work/tc064/tc064/s2567498/data-w-camera/25cce65d-7fd6-4ba4-b812-374104b48b0f.pt
torch.Size([300, 12, 35]) torch.Size([300, 12, 3, 256, 256, 4])	 changed /work/tc064/tc064/s2567498/data-w-camera/ae1642ee-f91e-414a-b914-c212eeefa75e.pt
torch.Size([300, 12, 35]) torch.Size([300, 12, 3, 256, 256, 4])	 changed /work/tc064/tc064/s2567498/data-w-camera/8bb79503-ec2a-43c2-b256-651c8f831431.pt
